<?xml version="1.0" encoding="UTF-8"?>
<!-- Generated by org.testng.reporters.JUnitReportReporter -->
<testsuite hostname="LAPTOP-68FQM03A" failures="0" tests="7" name="DataDrivenTest.DataDriven_Login" time="3.149" errors="0" timestamp="2023-10-18T04:18:39 EDT" skipped="0">
  <testcase classname="DataDrivenTest.DataDriven_Login" name="LoginTest" time="0.357"/>
  <system-out/>
  <testcase classname="DataDrivenTest.DataDriven_Login" name="LoginTest" time="0.354"/>
  <system-out/>
  <testcase classname="DataDrivenTest.DataDriven_Login" name="LoginTest" time="0.368"/>
  <system-out/>
  <testcase classname="DataDrivenTest.DataDriven_Login" name="LoginTest" time="0.506"/>
  <system-out/>
  <testcase classname="DataDrivenTest.DataDriven_Login" name="LoginTest" time="0.991"/>
  <system-out/>
  <testcase classname="DataDrivenTest.DataDriven_Login" name="LoginTest" time="0.349"/>
  <system-out/>
  <testcase classname="DataDrivenTest.DataDriven_Login" name="LoginTest" time="0.224"/>
  <system-out/>
</testsuite> <!-- DataDrivenTest.DataDriven_Login -->
