<?xml version="1.0" encoding="UTF-8"?>
<!-- Generated by org.testng.reporters.JUnitReportReporter -->
<testsuite hostname="LAPTOP-68FQM03A" failures="0" tests="30" name="crossBrowser.CrossBrowserStackTesting" time="49.157" errors="0" timestamp="2023-10-13T20:33:56 EDT" skipped="0">
  <testcase classname="crossBrowser.CrossBrowserStackTesting" name="Login_in" time="2.462"/>
  <system-out/>
  <testcase classname="crossBrowser.CrossBrowserStackTesting" name="Login_in" time="2.592"/>
  <system-out/>
  <testcase classname="crossBrowser.CrossBrowserStackTesting" name="Login_in" time="2.311"/>
  <system-out/>
  <testcase classname="crossBrowser.CrossBrowserStackTesting" name="User_Open_The_Stack_Page" time="0.783"/>
  <system-out/>
  <testcase classname="crossBrowser.CrossBrowserStackTesting" name="User_Open_The_Stack_Page" time="0.665"/>
  <system-out/>
  <testcase classname="crossBrowser.CrossBrowserStackTesting" name="User_Open_The_Stack_Page" time="0.620"/>
  <system-out/>
  <testcase classname="crossBrowser.CrossBrowserStackTesting" name="User_Open_The_Page_Operations_In_Stack" time="1.069"/>
  <system-out/>
  <testcase classname="crossBrowser.CrossBrowserStackTesting" name="User_Open_The_Page_Operations_In_Stack" time="1.191"/>
  <system-out/>
  <testcase classname="crossBrowser.CrossBrowserStackTesting" name="User_Open_The_Page_Operations_In_Stack" time="0.759"/>
  <system-out/>
  <testcase classname="crossBrowser.CrossBrowserStackTesting" name="Open_the_TryeditorPage_in_Operationpage_of_Stack" time="1.414"/>
  <system-out/>
  <testcase classname="crossBrowser.CrossBrowserStackTesting" name="Open_the_TryeditorPage_in_Operationpage_of_Stack" time="1.426"/>
  <system-out/>
  <testcase classname="crossBrowser.CrossBrowserStackTesting" name="Open_the_TryeditorPage_in_Operationpage_of_Stack" time="1.455"/>
  <system-out/>
  <testcase classname="crossBrowser.CrossBrowserStackTesting" name="Enters_Message_Run_Test_in_TryEditorBox" time="1.358"/>
  <system-out/>
  <testcase classname="crossBrowser.CrossBrowserStackTesting" name="Enters_Message_Run_Test_in_TryEditorBox" time="1.698"/>
  <system-out/>
  <testcase classname="crossBrowser.CrossBrowserStackTesting" name="Enters_Message_Run_Test_in_TryEditorBox" time="2.389"/>
  <system-out/>
  <testcase classname="crossBrowser.CrossBrowserStackTesting" name="Open_The_ImplementationPage_in_Stack" time="1.247"/>
  <system-out/>
  <testcase classname="crossBrowser.CrossBrowserStackTesting" name="Open_The_ImplementationPage_in_Stack" time="1.933"/>
  <system-out/>
  <testcase classname="crossBrowser.CrossBrowserStackTesting" name="Open_The_ImplementationPage_in_Stack" time="1.294"/>
  <system-out/>
  <testcase classname="crossBrowser.CrossBrowserStackTesting" name="Run_Test_In_TryEditor_of_Implementationpage_in_stack" time="1.780"/>
  <system-out/>
  <testcase classname="crossBrowser.CrossBrowserStackTesting" name="Run_Test_In_TryEditor_of_Implementationpage_in_stack" time="2.281"/>
  <system-out/>
  <testcase classname="crossBrowser.CrossBrowserStackTesting" name="Run_Test_In_TryEditor_of_Implementationpage_in_stack" time="1.616"/>
  <system-out/>
  <testcase classname="crossBrowser.CrossBrowserStackTesting" name="Open_The_Applicationspage_In_Stack" time="1.530"/>
  <system-out/>
  <testcase classname="crossBrowser.CrossBrowserStackTesting" name="Open_The_Applicationspage_In_Stack" time="1.199"/>
  <system-out/>
  <testcase classname="crossBrowser.CrossBrowserStackTesting" name="Open_The_Applicationspage_In_Stack" time="1.245"/>
  <system-out/>
  <testcase classname="crossBrowser.CrossBrowserStackTesting" name="Run_Test_In_TryEditor_of_Applicationspage_in_stack" time="2.373"/>
  <system-out/>
  <testcase classname="crossBrowser.CrossBrowserStackTesting" name="Run_Test_In_TryEditor_of_Applicationspage_in_stack" time="2.550"/>
  <system-out/>
  <testcase classname="crossBrowser.CrossBrowserStackTesting" name="Run_Test_In_TryEditor_of_Applicationspage_in_stack" time="1.872"/>
  <system-out/>
  <testcase classname="crossBrowser.CrossBrowserStackTesting" name="Open_Practice_Questions_Page_in_stack" time="1.910"/>
  <system-out/>
  <testcase classname="crossBrowser.CrossBrowserStackTesting" name="Open_Practice_Questions_Page_in_stack" time="2.146"/>
  <system-out/>
  <testcase classname="crossBrowser.CrossBrowserStackTesting" name="Open_Practice_Questions_Page_in_stack" time="1.989"/>
  <system-out/>
</testsuite> <!-- crossBrowser.CrossBrowserStackTesting -->
