<?xml version="1.0" encoding="UTF-8"?>
<!-- Generated by org.testng.reporters.JUnitReportReporter -->
<testsuite hostname="LAPTOP-68FQM03A" failures="0" tests="1" name="DataDrivenTest.DataDriven_Register" time="0.000" errors="0" timestamp="2023-10-18T04:20:20 EDT" skipped="1">
  <testcase classname="DataDrivenTest.DataDriven_Register" name="RegisterTest" time="0.000">
    <skipped/>
  </testcase> <!-- RegisterTest -->
  <system-out/>
</testsuite> <!-- DataDrivenTest.DataDriven_Register -->
