<?xml version="1.0" encoding="UTF-8"?>
<!-- Generated by org.testng.reporters.JUnitReportReporter -->
<testsuite hostname="LAPTOP-68FQM03A" failures="0" tests="7" name="DataDrivenTest.DataDriven_LoginTest" time="3.927" errors="0" timestamp="2023-10-15T22:19:39 EDT" skipped="0">
  <testcase classname="DataDrivenTest.DataDriven_LoginTest" name="LoginTest" time="0.267"/>
  <system-out/>
  <testcase classname="DataDrivenTest.DataDriven_LoginTest" name="LoginTest" time="0.368"/>
  <system-out/>
  <testcase classname="DataDrivenTest.DataDriven_LoginTest" name="LoginTest" time="0.486"/>
  <system-out/>
  <testcase classname="DataDrivenTest.DataDriven_LoginTest" name="LoginTest" time="1.653"/>
  <system-out/>
  <testcase classname="DataDrivenTest.DataDriven_LoginTest" name="LoginTest" time="0.386"/>
  <system-out/>
  <testcase classname="DataDrivenTest.DataDriven_LoginTest" name="LoginTest" time="0.375"/>
  <system-out/>
  <testcase classname="DataDrivenTest.DataDriven_LoginTest" name="LoginTest" time="0.392"/>
  <system-out/>
</testsuite> <!-- DataDrivenTest.DataDriven_LoginTest -->
