<?xml version="1.0" encoding="UTF-8"?>
<!-- Generated by org.testng.reporters.JUnitReportReporter -->
<testsuite hostname="LAPTOP-68FQM03A" failures="0" tests="30" name="crossBrowser.CrossBrowserStackTesting" time="25.767" errors="0" timestamp="2023-10-18T02:54:44 EDT" skipped="0">
  <testcase classname="crossBrowser.CrossBrowserStackTesting" name="Login_in" time="1.620"/>
  <system-out/>
  <testcase classname="crossBrowser.CrossBrowserStackTesting" name="Login_in" time="1.179"/>
  <system-out/>
  <testcase classname="crossBrowser.CrossBrowserStackTesting" name="Login_in" time="1.290"/>
  <system-out/>
  <testcase classname="crossBrowser.CrossBrowserStackTesting" name="User_Open_The_Stack_Page" time="0.361"/>
  <system-out/>
  <testcase classname="crossBrowser.CrossBrowserStackTesting" name="User_Open_The_Stack_Page" time="0.285"/>
  <system-out/>
  <testcase classname="crossBrowser.CrossBrowserStackTesting" name="User_Open_The_Stack_Page" time="0.559"/>
  <system-out/>
  <testcase classname="crossBrowser.CrossBrowserStackTesting" name="User_Open_The_Page_Operations_In_Stack" time="0.681"/>
  <system-out/>
  <testcase classname="crossBrowser.CrossBrowserStackTesting" name="User_Open_The_Page_Operations_In_Stack" time="0.511"/>
  <system-out/>
  <testcase classname="crossBrowser.CrossBrowserStackTesting" name="User_Open_The_Page_Operations_In_Stack" time="0.416"/>
  <system-out/>
  <testcase classname="crossBrowser.CrossBrowserStackTesting" name="Open_the_TryeditorPage_in_Operationpage_of_Stack" time="0.750"/>
  <system-out/>
  <testcase classname="crossBrowser.CrossBrowserStackTesting" name="Open_the_TryeditorPage_in_Operationpage_of_Stack" time="1.019"/>
  <system-out/>
  <testcase classname="crossBrowser.CrossBrowserStackTesting" name="Open_the_TryeditorPage_in_Operationpage_of_Stack" time="0.791"/>
  <system-out/>
  <testcase classname="crossBrowser.CrossBrowserStackTesting" name="Enters_Message_Run_Test_in_TryEditorBox" time="0.764"/>
  <system-out/>
  <testcase classname="crossBrowser.CrossBrowserStackTesting" name="Enters_Message_Run_Test_in_TryEditorBox" time="1.437"/>
  <system-out/>
  <testcase classname="crossBrowser.CrossBrowserStackTesting" name="Enters_Message_Run_Test_in_TryEditorBox" time="0.849"/>
  <system-out/>
  <testcase classname="crossBrowser.CrossBrowserStackTesting" name="Open_The_ImplementationPage_in_Stack" time="0.601"/>
  <system-out/>
  <testcase classname="crossBrowser.CrossBrowserStackTesting" name="Open_The_ImplementationPage_in_Stack" time="0.563"/>
  <system-out/>
  <testcase classname="crossBrowser.CrossBrowserStackTesting" name="Open_The_ImplementationPage_in_Stack" time="0.670"/>
  <system-out/>
  <testcase classname="crossBrowser.CrossBrowserStackTesting" name="Run_Test_In_TryEditor_of_Implementationpage_in_stack" time="0.928"/>
  <system-out/>
  <testcase classname="crossBrowser.CrossBrowserStackTesting" name="Run_Test_In_TryEditor_of_Implementationpage_in_stack" time="1.407"/>
  <system-out/>
  <testcase classname="crossBrowser.CrossBrowserStackTesting" name="Run_Test_In_TryEditor_of_Implementationpage_in_stack" time="0.804"/>
  <system-out/>
  <testcase classname="crossBrowser.CrossBrowserStackTesting" name="Open_The_Applicationspage_In_Stack" time="0.705"/>
  <system-out/>
  <testcase classname="crossBrowser.CrossBrowserStackTesting" name="Open_The_Applicationspage_In_Stack" time="0.601"/>
  <system-out/>
  <testcase classname="crossBrowser.CrossBrowserStackTesting" name="Open_The_Applicationspage_In_Stack" time="0.574"/>
  <system-out/>
  <testcase classname="crossBrowser.CrossBrowserStackTesting" name="Run_Test_In_TryEditor_of_Applicationspage_in_stack" time="0.987"/>
  <system-out/>
  <testcase classname="crossBrowser.CrossBrowserStackTesting" name="Run_Test_In_TryEditor_of_Applicationspage_in_stack" time="1.521"/>
  <system-out/>
  <testcase classname="crossBrowser.CrossBrowserStackTesting" name="Run_Test_In_TryEditor_of_Applicationspage_in_stack" time="1.044"/>
  <system-out/>
  <testcase classname="crossBrowser.CrossBrowserStackTesting" name="Open_Practice_Questions_Page_in_stack" time="1.108"/>
  <system-out/>
  <testcase classname="crossBrowser.CrossBrowserStackTesting" name="Open_Practice_Questions_Page_in_stack" time="0.889"/>
  <system-out/>
  <testcase classname="crossBrowser.CrossBrowserStackTesting" name="Open_Practice_Questions_Page_in_stack" time="0.853"/>
  <system-out/>
</testsuite> <!-- crossBrowser.CrossBrowserStackTesting -->
